<?xml version="1.0" encoding="UTF-8"?>
<testsuite xmlns:xsi="http://www.w3.org/2001/XMLSchema-instance" xsi:noNamespaceSchemaLocation="https://maven.apache.org/surefire/maven-surefire-plugin/xsd/surefire-test-report.xsd" name="TestSuite" time="437.456" tests="11" errors="0" skipped="0" failures="2">
  <properties>
    <property name="sun.desktop" value="windows"/>
    <property name="awt.toolkit" value="sun.awt.windows.WToolkit"/>
    <property name="java.specification.version" value="9"/>
    <property name="file.encoding.pkg" value="sun.io"/>
    <property name="sun.cpu.isalist" value="amd64"/>
    <property name="sun.jnu.encoding" value="Cp1252"/>
    <property name="java.class.path" value="C:\NBC\NBC_Source\target\test-classes;C:\NBC\NBC_Source\target\classes;C:\WINDOWS\system32\config\systemprofile\.m2\repository\com\google\guava\guava\21.0\guava-21.0.jar;C:\WINDOWS\system32\config\systemprofile\.m2\repository\net\lightbody\bmp\browsermob-core\2.1.2\browsermob-core-2.1.2.jar;C:\WINDOWS\system32\config\systemprofile\.m2\repository\net\lightbody\bmp\littleproxy\1.1.0-beta-bmp-13\littleproxy-1.1.0-beta-bmp-13.jar;C:\WINDOWS\system32\config\systemprofile\.m2\repository\com\fasterxml\jackson\core\jackson-core\2.7.5\jackson-core-2.7.5.jar;C:\WINDOWS\system32\config\systemprofile\.m2\repository\com\fasterxml\jackson\core\jackson-databind\2.7.5\jackson-databind-2.7.5.jar;C:\WINDOWS\system32\config\systemprofile\.m2\repository\com\fasterxml\jackson\core\jackson-annotations\2.7.5\jackson-annotations-2.7.5.jar;C:\WINDOWS\system32\config\systemprofile\.m2\repository\net\sf\uadetector\uadetector-resources\2014.10\uadetector-resources-2014.10.jar;C:\WINDOWS\system32\config\systemprofile\.m2\repository\net\sf\uadetector\uadetector-core\0.9.22\uadetector-core-0.9.22.jar;C:\WINDOWS\system32\config\systemprofile\.m2\repository\net\sf\qualitycheck\quality-check\1.3\quality-check-1.3.jar;C:\WINDOWS\system32\config\systemprofile\.m2\repository\com\google\code\findbugs\jsr305\2.0.3\jsr305-2.0.3.jar;C:\WINDOWS\system32\config\systemprofile\.m2\repository\javax\annotation\jsr250-api\1.0\jsr250-api-1.0.jar;C:\WINDOWS\system32\config\systemprofile\.m2\repository\dnsjava\dnsjava\2.1.7\dnsjava-2.1.7.jar;C:\WINDOWS\system32\config\systemprofile\.m2\repository\org\slf4j\jcl-over-slf4j\1.7.21\jcl-over-slf4j-1.7.21.jar;C:\WINDOWS\system32\config\systemprofile\.m2\repository\com\jcraft\jzlib\1.1.3\jzlib-1.1.3.jar;C:\WINDOWS\system32\config\systemprofile\.m2\repository\io\netty\netty-all\4.0.39.Final\netty-all-4.0.39.Final.jar;C:\WINDOWS\system32\config\systemprofile\.m2\repository\org\bouncycastle\bcprov-jdk15on\1.54\bcprov-jdk15on-1.54.jar;C:\WINDOWS\system32\config\systemprofile\.m2\repository\org\bouncycastle\bcpkix-jdk15on\1.54\bcpkix-jdk15on-1.54.jar;C:\WINDOWS\system32\config\systemprofile\.m2\repository\net\lightbody\bmp\mitm\2.1.2\mitm-2.1.2.jar;C:\WINDOWS\system32\config\systemprofile\.m2\repository\net\sf\jazzy\jazzy\0.5.2-rtext-1.4.1-2\jazzy-0.5.2-rtext-1.4.1-2.jar;C:\WINDOWS\system32\config\systemprofile\.m2\repository\org\apache\httpcomponents\httpclient\4.5.5\httpclient-4.5.5.jar;C:\WINDOWS\system32\config\systemprofile\.m2\repository\commons-logging\commons-logging\1.2\commons-logging-1.2.jar;C:\WINDOWS\system32\config\systemprofile\.m2\repository\commons-codec\commons-codec\1.10\commons-codec-1.10.jar;C:\WINDOWS\system32\config\systemprofile\.m2\repository\org\apache\httpcomponents\httpcore\4.4.9\httpcore-4.4.9.jar;C:\WINDOWS\system32\config\systemprofile\.m2\repository\org\seleniumhq\selenium\selenium-java\3.11.0\selenium-java-3.11.0.jar;C:\WINDOWS\system32\config\systemprofile\.m2\repository\org\seleniumhq\selenium\selenium-api\3.11.0\selenium-api-3.11.0.jar;C:\WINDOWS\system32\config\systemprofile\.m2\repository\org\seleniumhq\selenium\selenium-chrome-driver\3.11.0\selenium-chrome-driver-3.11.0.jar;C:\WINDOWS\system32\config\systemprofile\.m2\repository\org\seleniumhq\selenium\selenium-edge-driver\3.11.0\selenium-edge-driver-3.11.0.jar;C:\WINDOWS\system32\config\systemprofile\.m2\repository\org\seleniumhq\selenium\selenium-firefox-driver\3.11.0\selenium-firefox-driver-3.11.0.jar;C:\WINDOWS\system32\config\systemprofile\.m2\repository\org\seleniumhq\selenium\selenium-ie-driver\3.11.0\selenium-ie-driver-3.11.0.jar;C:\WINDOWS\system32\config\systemprofile\.m2\repository\org\seleniumhq\selenium\selenium-opera-driver\3.11.0\selenium-opera-driver-3.11.0.jar;C:\WINDOWS\system32\config\systemprofile\.m2\repository\org\seleniumhq\selenium\selenium-remote-driver\3.11.0\selenium-remote-driver-3.11.0.jar;C:\WINDOWS\system32\config\systemprofile\.m2\repository\org\seleniumhq\selenium\selenium-safari-driver\3.11.0\selenium-safari-driver-3.11.0.jar;C:\WINDOWS\system32\config\systemprofile\.m2\repository\org\seleniumhq\selenium\selenium-support\3.11.0\selenium-support-3.11.0.jar;C:\WINDOWS\system32\config\systemprofile\.m2\repository\net\bytebuddy\byte-buddy\1.7.9\byte-buddy-1.7.9.jar;C:\WINDOWS\system32\config\systemprofile\.m2\repository\org\apache\commons\commons-exec\1.3\commons-exec-1.3.jar;C:\WINDOWS\system32\config\systemprofile\.m2\repository\com\google\code\gson\gson\2.8.2\gson-2.8.2.jar;C:\WINDOWS\system32\config\systemprofile\.m2\repository\com\squareup\okhttp3\okhttp\3.9.1\okhttp-3.9.1.jar;C:\WINDOWS\system32\config\systemprofile\.m2\repository\com\squareup\okio\okio\1.13.0\okio-1.13.0.jar;C:\WINDOWS\system32\config\systemprofile\.m2\repository\org\apache\poi\poi\3.17\poi-3.17.jar;C:\WINDOWS\system32\config\systemprofile\.m2\repository\org\apache\commons\commons-collections4\4.1\commons-collections4-4.1.jar;C:\WINDOWS\system32\config\systemprofile\.m2\repository\org\json\json\20180130\json-20180130.jar;C:\WINDOWS\system32\config\systemprofile\.m2\repository\org\slf4j\slf4j-api\1.8.0-beta2\slf4j-api-1.8.0-beta2.jar;C:\WINDOWS\system32\config\systemprofile\.m2\repository\org\slf4j\slf4j-log4j12\1.8.0-beta2\slf4j-log4j12-1.8.0-beta2.jar;C:\WINDOWS\system32\config\systemprofile\.m2\repository\org\apache\commons\commons-lang3\3.7\commons-lang3-3.7.jar;C:\WINDOWS\system32\config\systemprofile\.m2\repository\log4j\log4j\1.2.17\log4j-1.2.17.jar;C:\WINDOWS\system32\config\systemprofile\.m2\repository\com\relevantcodes\extentreports\2.41.2\extentreports-2.41.2.jar;C:\WINDOWS\system32\config\systemprofile\.m2\repository\org\jsoup\jsoup\1.8.3\jsoup-1.8.3.jar;C:\WINDOWS\system32\config\systemprofile\.m2\repository\org\xerial\sqlite-jdbc\3.8.11.1\sqlite-jdbc-3.8.11.1.jar;C:\WINDOWS\system32\config\systemprofile\.m2\repository\org\freemarker\freemarker\2.3.23\freemarker-2.3.23.jar;C:\WINDOWS\system32\config\systemprofile\.m2\repository\org\mongodb\mongodb-driver\3.0.4\mongodb-driver-3.0.4.jar;C:\WINDOWS\system32\config\systemprofile\.m2\repository\org\mongodb\bson\3.0.4\bson-3.0.4.jar;C:\WINDOWS\system32\config\systemprofile\.m2\repository\org\mongodb\mongodb-driver-core\3.0.4\mongodb-driver-core-3.0.4.jar;C:\WINDOWS\system32\config\systemprofile\.m2\repository\org\testng\testng\6.14.3\testng-6.14.3.jar;C:\WINDOWS\system32\config\systemprofile\.m2\repository\com\beust\jcommander\1.72\jcommander-1.72.jar;C:\WINDOWS\system32\config\systemprofile\.m2\repository\org\apache-extras\beanshell\bsh\2.0b6\bsh-2.0b6.jar;C:\WINDOWS\system32\config\systemprofile\.m2\repository\commons-io\commons-io\2.6\commons-io-2.6.jar;C:\WINDOWS\system32\config\systemprofile\.m2\repository\org\apache\xmlrpc\xmlrpc-client\3.1.3\xmlrpc-client-3.1.3.jar;C:\WINDOWS\system32\config\systemprofile\.m2\repository\org\apache\xmlrpc\xmlrpc-common\3.1.3\xmlrpc-common-3.1.3.jar;C:\WINDOWS\system32\config\systemprofile\.m2\repository\org\apache\ws\commons\util\ws-commons-util\1.0.2\ws-commons-util-1.0.2.jar;C:\WINDOWS\system32\config\systemprofile\.m2\repository\junit\junit\3.8.1\junit-3.8.1.jar;C:\WINDOWS\system32\config\systemprofile\.m2\repository\xml-apis\xml-apis\1.0.b2\xml-apis-1.0.b2.jar;C:\WINDOWS\system32\config\systemprofile\.m2\repository\org\apache\maven\plugins\maven-clean-plugin\3.1.0\maven-clean-plugin-3.1.0.jar;C:\WINDOWS\system32\config\systemprofile\.m2\repository\org\apache\maven\maven-plugin-api\3.0\maven-plugin-api-3.0.jar;C:\WINDOWS\system32\config\systemprofile\.m2\repository\org\apache\maven\maven-model\3.0\maven-model-3.0.jar;C:\WINDOWS\system32\config\systemprofile\.m2\repository\org\codehaus\plexus\plexus-utils\2.0.4\plexus-utils-2.0.4.jar;C:\WINDOWS\system32\config\systemprofile\.m2\repository\org\apache\maven\maven-artifact\3.0\maven-artifact-3.0.jar;C:\WINDOWS\system32\config\systemprofile\.m2\repository\org\sonatype\sisu\sisu-inject-plexus\1.4.2\sisu-inject-plexus-1.4.2.jar;C:\WINDOWS\system32\config\systemprofile\.m2\repository\org\codehaus\plexus\plexus-component-annotations\1.5.4\plexus-component-annotations-1.5.4.jar;C:\WINDOWS\system32\config\systemprofile\.m2\repository\org\codehaus\plexus\plexus-classworlds\2.2.3\plexus-classworlds-2.2.3.jar;C:\WINDOWS\system32\config\systemprofile\.m2\repository\org\sonatype\sisu\sisu-inject-bean\1.4.2\sisu-inject-bean-1.4.2.jar;C:\WINDOWS\system32\config\systemprofile\.m2\repository\org\sonatype\sisu\sisu-guice\2.1.7\sisu-guice-2.1.7-noaop.jar;C:\WINDOWS\system32\config\systemprofile\.m2\repository\org\apache\maven\shared\maven-shared-utils\3.2.1\maven-shared-utils-3.2.1.jar;C:\WINDOWS\system32\config\systemprofile\.m2\repository\org\apache\maven\surefire\surefire-testng-utils\2.21.0\surefire-testng-utils-2.21.0.jar;C:\WINDOWS\system32\config\systemprofile\.m2\repository\org\apache\maven\surefire\surefire-grouper\2.21.0\surefire-grouper-2.21.0.jar;"/>
    <property name="java.vm.vendor" value="Oracle Corporation"/>
    <property name="sun.arch.data.model" value="64"/>
    <property name="user.variant" value=""/>
    <property name="java.vendor.url" value="http://java.oracle.com/"/>
    <property name="user.timezone" value=""/>
    <property name="java.vm.specification.version" value="9"/>
    <property name="os.name" value="Windows 10"/>
    <property name="sun.java.launcher" value="SUN_STANDARD"/>
    <property name="user.country" value="US"/>
    <property name="sun.boot.library.path" value="C:\Program Files\Java\jdk-9.0.1\bin"/>
    <property name="sun.java.command" value="C:\WINDOWS\TEMP\surefire9915960894021380745\surefirebooter4075468251809313575.jar C:\Windows\Temp\surefire9915960894021380745 2018-04-24T16-26-56_018-jvmRun1 surefire5573804850082627244tmp surefire_05401391441329396438tmp"/>
    <property name="jdk.debug" value="release"/>
    <property name="surefire.test.class.path" value="C:\NBC\NBC_Source\target\test-classes;C:\NBC\NBC_Source\target\classes;C:\WINDOWS\system32\config\systemprofile\.m2\repository\com\google\guava\guava\21.0\guava-21.0.jar;C:\WINDOWS\system32\config\systemprofile\.m2\repository\net\lightbody\bmp\browsermob-core\2.1.2\browsermob-core-2.1.2.jar;C:\WINDOWS\system32\config\systemprofile\.m2\repository\net\lightbody\bmp\littleproxy\1.1.0-beta-bmp-13\littleproxy-1.1.0-beta-bmp-13.jar;C:\WINDOWS\system32\config\systemprofile\.m2\repository\com\fasterxml\jackson\core\jackson-core\2.7.5\jackson-core-2.7.5.jar;C:\WINDOWS\system32\config\systemprofile\.m2\repository\com\fasterxml\jackson\core\jackson-databind\2.7.5\jackson-databind-2.7.5.jar;C:\WINDOWS\system32\config\systemprofile\.m2\repository\com\fasterxml\jackson\core\jackson-annotations\2.7.5\jackson-annotations-2.7.5.jar;C:\WINDOWS\system32\config\systemprofile\.m2\repository\net\sf\uadetector\uadetector-resources\2014.10\uadetector-resources-2014.10.jar;C:\WINDOWS\system32\config\systemprofile\.m2\repository\net\sf\uadetector\uadetector-core\0.9.22\uadetector-core-0.9.22.jar;C:\WINDOWS\system32\config\systemprofile\.m2\repository\net\sf\qualitycheck\quality-check\1.3\quality-check-1.3.jar;C:\WINDOWS\system32\config\systemprofile\.m2\repository\com\google\code\findbugs\jsr305\2.0.3\jsr305-2.0.3.jar;C:\WINDOWS\system32\config\systemprofile\.m2\repository\javax\annotation\jsr250-api\1.0\jsr250-api-1.0.jar;C:\WINDOWS\system32\config\systemprofile\.m2\repository\dnsjava\dnsjava\2.1.7\dnsjava-2.1.7.jar;C:\WINDOWS\system32\config\systemprofile\.m2\repository\org\slf4j\jcl-over-slf4j\1.7.21\jcl-over-slf4j-1.7.21.jar;C:\WINDOWS\system32\config\systemprofile\.m2\repository\com\jcraft\jzlib\1.1.3\jzlib-1.1.3.jar;C:\WINDOWS\system32\config\systemprofile\.m2\repository\io\netty\netty-all\4.0.39.Final\netty-all-4.0.39.Final.jar;C:\WINDOWS\system32\config\systemprofile\.m2\repository\org\bouncycastle\bcprov-jdk15on\1.54\bcprov-jdk15on-1.54.jar;C:\WINDOWS\system32\config\systemprofile\.m2\repository\org\bouncycastle\bcpkix-jdk15on\1.54\bcpkix-jdk15on-1.54.jar;C:\WINDOWS\system32\config\systemprofile\.m2\repository\net\lightbody\bmp\mitm\2.1.2\mitm-2.1.2.jar;C:\WINDOWS\system32\config\systemprofile\.m2\repository\net\sf\jazzy\jazzy\0.5.2-rtext-1.4.1-2\jazzy-0.5.2-rtext-1.4.1-2.jar;C:\WINDOWS\system32\config\systemprofile\.m2\repository\org\apache\httpcomponents\httpclient\4.5.5\httpclient-4.5.5.jar;C:\WINDOWS\system32\config\systemprofile\.m2\repository\commons-logging\commons-logging\1.2\commons-logging-1.2.jar;C:\WINDOWS\system32\config\systemprofile\.m2\repository\commons-codec\commons-codec\1.10\commons-codec-1.10.jar;C:\WINDOWS\system32\config\systemprofile\.m2\repository\org\apache\httpcomponents\httpcore\4.4.9\httpcore-4.4.9.jar;C:\WINDOWS\system32\config\systemprofile\.m2\repository\org\seleniumhq\selenium\selenium-java\3.11.0\selenium-java-3.11.0.jar;C:\WINDOWS\system32\config\systemprofile\.m2\repository\org\seleniumhq\selenium\selenium-api\3.11.0\selenium-api-3.11.0.jar;C:\WINDOWS\system32\config\systemprofile\.m2\repository\org\seleniumhq\selenium\selenium-chrome-driver\3.11.0\selenium-chrome-driver-3.11.0.jar;C:\WINDOWS\system32\config\systemprofile\.m2\repository\org\seleniumhq\selenium\selenium-edge-driver\3.11.0\selenium-edge-driver-3.11.0.jar;C:\WINDOWS\system32\config\systemprofile\.m2\repository\org\seleniumhq\selenium\selenium-firefox-driver\3.11.0\selenium-firefox-driver-3.11.0.jar;C:\WINDOWS\system32\config\systemprofile\.m2\repository\org\seleniumhq\selenium\selenium-ie-driver\3.11.0\selenium-ie-driver-3.11.0.jar;C:\WINDOWS\system32\config\systemprofile\.m2\repository\org\seleniumhq\selenium\selenium-opera-driver\3.11.0\selenium-opera-driver-3.11.0.jar;C:\WINDOWS\system32\config\systemprofile\.m2\repository\org\seleniumhq\selenium\selenium-remote-driver\3.11.0\selenium-remote-driver-3.11.0.jar;C:\WINDOWS\system32\config\systemprofile\.m2\repository\org\seleniumhq\selenium\selenium-safari-driver\3.11.0\selenium-safari-driver-3.11.0.jar;C:\WINDOWS\system32\config\systemprofile\.m2\repository\org\seleniumhq\selenium\selenium-support\3.11.0\selenium-support-3.11.0.jar;C:\WINDOWS\system32\config\systemprofile\.m2\repository\net\bytebuddy\byte-buddy\1.7.9\byte-buddy-1.7.9.jar;C:\WINDOWS\system32\config\systemprofile\.m2\repository\org\apache\commons\commons-exec\1.3\commons-exec-1.3.jar;C:\WINDOWS\system32\config\systemprofile\.m2\repository\com\google\code\gson\gson\2.8.2\gson-2.8.2.jar;C:\WINDOWS\system32\config\systemprofile\.m2\repository\com\squareup\okhttp3\okhttp\3.9.1\okhttp-3.9.1.jar;C:\WINDOWS\system32\config\systemprofile\.m2\repository\com\squareup\okio\okio\1.13.0\okio-1.13.0.jar;C:\WINDOWS\system32\config\systemprofile\.m2\repository\org\apache\poi\poi\3.17\poi-3.17.jar;C:\WINDOWS\system32\config\systemprofile\.m2\repository\org\apache\commons\commons-collections4\4.1\commons-collections4-4.1.jar;C:\WINDOWS\system32\config\systemprofile\.m2\repository\org\json\json\20180130\json-20180130.jar;C:\WINDOWS\system32\config\systemprofile\.m2\repository\org\slf4j\slf4j-api\1.8.0-beta2\slf4j-api-1.8.0-beta2.jar;C:\WINDOWS\system32\config\systemprofile\.m2\repository\org\slf4j\slf4j-log4j12\1.8.0-beta2\slf4j-log4j12-1.8.0-beta2.jar;C:\WINDOWS\system32\config\systemprofile\.m2\repository\org\apache\commons\commons-lang3\3.7\commons-lang3-3.7.jar;C:\WINDOWS\system32\config\systemprofile\.m2\repository\log4j\log4j\1.2.17\log4j-1.2.17.jar;C:\WINDOWS\system32\config\systemprofile\.m2\repository\com\relevantcodes\extentreports\2.41.2\extentreports-2.41.2.jar;C:\WINDOWS\system32\config\systemprofile\.m2\repository\org\jsoup\jsoup\1.8.3\jsoup-1.8.3.jar;C:\WINDOWS\system32\config\systemprofile\.m2\repository\org\xerial\sqlite-jdbc\3.8.11.1\sqlite-jdbc-3.8.11.1.jar;C:\WINDOWS\system32\config\systemprofile\.m2\repository\org\freemarker\freemarker\2.3.23\freemarker-2.3.23.jar;C:\WINDOWS\system32\config\systemprofile\.m2\repository\org\mongodb\mongodb-driver\3.0.4\mongodb-driver-3.0.4.jar;C:\WINDOWS\system32\config\systemprofile\.m2\repository\org\mongodb\bson\3.0.4\bson-3.0.4.jar;C:\WINDOWS\system32\config\systemprofile\.m2\repository\org\mongodb\mongodb-driver-core\3.0.4\mongodb-driver-core-3.0.4.jar;C:\WINDOWS\system32\config\systemprofile\.m2\repository\org\testng\testng\6.14.3\testng-6.14.3.jar;C:\WINDOWS\system32\config\systemprofile\.m2\repository\com\beust\jcommander\1.72\jcommander-1.72.jar;C:\WINDOWS\system32\config\systemprofile\.m2\repository\org\apache-extras\beanshell\bsh\2.0b6\bsh-2.0b6.jar;C:\WINDOWS\system32\config\systemprofile\.m2\repository\commons-io\commons-io\2.6\commons-io-2.6.jar;C:\WINDOWS\system32\config\systemprofile\.m2\repository\org\apache\xmlrpc\xmlrpc-client\3.1.3\xmlrpc-client-3.1.3.jar;C:\WINDOWS\system32\config\systemprofile\.m2\repository\org\apache\xmlrpc\xmlrpc-common\3.1.3\xmlrpc-common-3.1.3.jar;C:\WINDOWS\system32\config\systemprofile\.m2\repository\org\apache\ws\commons\util\ws-commons-util\1.0.2\ws-commons-util-1.0.2.jar;C:\WINDOWS\system32\config\systemprofile\.m2\repository\junit\junit\3.8.1\junit-3.8.1.jar;C:\WINDOWS\system32\config\systemprofile\.m2\repository\xml-apis\xml-apis\1.0.b2\xml-apis-1.0.b2.jar;C:\WINDOWS\system32\config\systemprofile\.m2\repository\org\apache\maven\plugins\maven-clean-plugin\3.1.0\maven-clean-plugin-3.1.0.jar;C:\WINDOWS\system32\config\systemprofile\.m2\repository\org\apache\maven\maven-plugin-api\3.0\maven-plugin-api-3.0.jar;C:\WINDOWS\system32\config\systemprofile\.m2\repository\org\apache\maven\maven-model\3.0\maven-model-3.0.jar;C:\WINDOWS\system32\config\systemprofile\.m2\repository\org\codehaus\plexus\plexus-utils\2.0.4\plexus-utils-2.0.4.jar;C:\WINDOWS\system32\config\systemprofile\.m2\repository\org\apache\maven\maven-artifact\3.0\maven-artifact-3.0.jar;C:\WINDOWS\system32\config\systemprofile\.m2\repository\org\sonatype\sisu\sisu-inject-plexus\1.4.2\sisu-inject-plexus-1.4.2.jar;C:\WINDOWS\system32\config\systemprofile\.m2\repository\org\codehaus\plexus\plexus-component-annotations\1.5.4\plexus-component-annotations-1.5.4.jar;C:\WINDOWS\system32\config\systemprofile\.m2\repository\org\codehaus\plexus\plexus-classworlds\2.2.3\plexus-classworlds-2.2.3.jar;C:\WINDOWS\system32\config\systemprofile\.m2\repository\org\sonatype\sisu\sisu-inject-bean\1.4.2\sisu-inject-bean-1.4.2.jar;C:\WINDOWS\system32\config\systemprofile\.m2\repository\org\sonatype\sisu\sisu-guice\2.1.7\sisu-guice-2.1.7-noaop.jar;C:\WINDOWS\system32\config\systemprofile\.m2\repository\org\apache\maven\shared\maven-shared-utils\3.2.1\maven-shared-utils-3.2.1.jar;C:\WINDOWS\system32\config\systemprofile\.m2\repository\org\apache\maven\surefire\surefire-testng-utils\2.21.0\surefire-testng-utils-2.21.0.jar;C:\WINDOWS\system32\config\systemprofile\.m2\repository\org\apache\maven\surefire\surefire-grouper\2.21.0\surefire-grouper-2.21.0.jar;"/>
    <property name="sun.cpu.endian" value="little"/>
    <property name="user.home" value="C:\WINDOWS\system32\config\systemprofile"/>
    <property name="user.language" value="en"/>
    <property name="java.specification.vendor" value="Oracle Corporation"/>
    <property name="java.home" value="C:\Program Files\Java\jdk-9.0.1"/>
    <property name="file.separator" value="\"/>
    <property name="basedir" value="C:\NBC\NBC_Source"/>
    <property name="java.vm.compressedOopsMode" value="32-bit"/>
    <property name="line.separator" value="&#10;"/>
    <property name="java.vm.specification.vendor" value="Oracle Corporation"/>
    <property name="java.specification.name" value="Java Platform API Specification"/>
    <property name="java.awt.graphicsenv" value="sun.awt.Win32GraphicsEnvironment"/>
    <property name="surefire.real.class.path" value="C:\WINDOWS\TEMP\surefire9915960894021380745\surefirebooter4075468251809313575.jar"/>
    <property name="user.script" value=""/>
    <property name="sun.management.compiler" value="HotSpot 64-Bit Tiered Compilers"/>
    <property name="java.runtime.version" value="9.0.1+11"/>
    <property name="user.name" value="ASPIREVM15-18$"/>
    <property name="path.separator" value=";"/>
    <property name="os.version" value="10.0"/>
    <property name="java.runtime.name" value="Java(TM) SE Runtime Environment"/>
    <property name="file.encoding" value="Cp1252"/>
    <property name="java.vm.name" value="Java HotSpot(TM) 64-Bit Server VM"/>
    <property name="localRepository" value="C:\WINDOWS\system32\config\systemprofile\.m2\repository"/>
    <property name="java.vendor.url.bug" value="http://bugreport.java.com/bugreport/"/>
    <property name="java.io.tmpdir" value="C:\WINDOWS\TEMP\"/>
    <property name="java.version" value="9.0.1"/>
    <property name="user.dir" value="C:\NBC\NBC_Source"/>
    <property name="os.arch" value="amd64"/>
    <property name="java.vm.specification.name" value="Java Virtual Machine Specification"/>
    <property name="java.awt.printerjob" value="sun.awt.windows.WPrinterJob"/>
    <property name="sun.os.patch.level" value=""/>
    <property name="java.library.path" value="C:\Program Files\Java\jdk-9.0.1\bin;C:\WINDOWS\Sun\Java\bin;C:\WINDOWS\system32;C:\WINDOWS;C:\Program Files (x86)\Jenkins\tools\hudson.tasks.Maven_MavenInstallation\Maven3.1.0/bin;C:\ProgramData\Oracle\Java\javapath;C:\WINDOWS\system32;C:\WINDOWS;C:\WINDOWS\System32\Wbem;C:\WINDOWS\System32\WindowsPowerShell\v1.0\;C:\WINDOWS\system32\config\systemprofile\.dnx\bin;C:\Program Files\Microsoft DNX\Dnvm\;C:\Program Files\Microsoft SQL Server\130\Tools\Binn\;C:\Program Files\Microsoft\Web Platform Installer\;C:\Program Files\Java\jdk-9.0.1\bin\;C:\WINDOWS\system32\config\systemprofile\AppData\Local\Microsoft\WindowsApps;."/>
    <property name="java.vm.info" value="mixed mode"/>
    <property name="java.vendor" value="Oracle Corporation"/>
    <property name="java.vm.version" value="9.0.1+11"/>
    <property name="sun.io.unicode.encoding" value="UnicodeLittle"/>
    <property name="java.class.version" value="53.0"/>
  </properties>
  <testcase name="tc002" classname="com.nbc.testscripts.demo.NBC_Demo" time="54.554">
    <failure message="Article Video Player failed to load" type="java.lang.AssertionError">java.lang.AssertionError: Article Video Player failed to load
	at com.nbc.testscripts.demo.NBC_Demo.tc002(NBC_Demo.java:115)
</failure>
    <system-out><![CDATA[...
... TestNG 6.14.3 by CÃ©dric Beust (cedric@beust.com)
...

24-Apr-2018 16:27:12:414 INFO  [TestNG-PoolService-0]  
24-Apr-2018 16:27:12:423 INFO  [TestNG-PoolService-0] ****             Logo is clickable[sauceChrome_windows || NBC-NEWYORK ]             ***** 
24-Apr-2018 16:27:12:424 INFO  [TestNG-PoolService-0]  
24-Apr-2018 16:27:12:414 INFO  [TestNG-PoolService-0]  
24-Apr-2018 16:27:12:432 INFO  [TestNG-PoolService-0] ****             Top stories playback- with pre roll[sauceChrome_windows || NBC-NEWYORK ]             ***** 
24-Apr-2018 16:27:12:433 INFO  [TestNG-PoolService-0]  
24-Apr-2018 16:27:13:521 DEBUG [TestNG-PoolService-0] Page URL:: data:, 
24-Apr-2018 16:27:13:521 DEBUG [TestNG-PoolService-0] Page Load Wait: (Sync) 
24-Apr-2018 16:27:13:548 DEBUG [TestNG-PoolService-0] Page URL:: data:, 
24-Apr-2018 16:27:13:549 DEBUG [TestNG-PoolService-0] Page Load Wait: (Sync) 
24-Apr-2018 16:27:22:747 DEBUG [TestNG-PoolService-0] Page URL:: https://www.nbcnewyork.com/ 
24-Apr-2018 16:27:22:748 DEBUG [TestNG-PoolService-0] Page Load Wait: (Sync) 
24-Apr-2018 16:27:24:435 DEBUG [TestNG-PoolService-0] Page URL:: https://www.nbcnewyork.com/ 
24-Apr-2018 16:27:24:438 DEBUG [TestNG-PoolService-0] Page Load Wait: (Sync) 
24-Apr-2018 16:27:26:200 DEBUG [TestNG-PoolService-0] Element is displayed:: [[RemoteWebDriver: chrome on XP (8842e6b589f94c44a9b1474fb594d6c9)] -> css selector: li[class*='News'] a[lid*='News']] 
24-Apr-2018 16:27:27:343 DEBUG [TestNG-PoolService-0] Page URL:: https://www.nbcnewyork.com/ 
24-Apr-2018 16:27:27:348 DEBUG [TestNG-PoolService-0] Page Load Wait: (Sync) 
24-Apr-2018 16:27:27:766 DEBUG [TestNG-PoolService-0] Element is displayed:: [[RemoteWebDriver: chrome on XP (577274ae65484e1f8147d5dab645869d)] -> css selector: li[class*='News'] a[lid*='News']] 
24-Apr-2018 16:27:28:597 DEBUG [TestNG-PoolService-0] Page URL:: https://www.nbcnewyork.com/ 
24-Apr-2018 16:27:28:598 DEBUG [TestNG-PoolService-0] Page Load Wait: (Sync) 
24-Apr-2018 16:27:28:954 DEBUG [TestNG-PoolService-0] Page URL:: https://www.nbcnewyork.com/ 
24-Apr-2018 16:27:28:955 DEBUG [TestNG-PoolService-0] Page Load Wait: (Sync) 
24-Apr-2018 16:27:30:054 DEBUG [TestNG-PoolService-0] Page URL:: https://www.nbcnewyork.com/ 
24-Apr-2018 16:27:30:055 DEBUG [TestNG-PoolService-0] Page Load Wait: (Sync) 
24-Apr-2018 16:27:30:879 DEBUG [TestNG-PoolService-0] Element is displayed:: [[RemoteWebDriver: chrome on XP (8842e6b589f94c44a9b1474fb594d6c9)] -> css selector: li[class*='News'] a[lid*='News']] 
24-Apr-2018 16:27:30:880 INFO  [TestNG-PoolService-0] Step 1. Navigated to 'NBC-NewYork' Home Page! 
24-Apr-2018 16:27:32:214 DEBUG [TestNG-PoolService-0] Element is displayed:: [[RemoteWebDriver: chrome on XP (8842e6b589f94c44a9b1474fb594d6c9)] -> css selector: div[class='top-stories'] div[class='story'] div[class='headline'] a div[class='headline-tag']] 
24-Apr-2018 16:27:32:349 DEBUG [TestNG-PoolService-0] Element is displayed:: [[RemoteWebDriver: chrome on XP (577274ae65484e1f8147d5dab645869d)] -> css selector: li[class*='News'] a[lid*='News']] 
24-Apr-2018 16:27:32:350 INFO  [TestNG-PoolService-0] Step 1. Navigated to 'NBC-NewYork' Home Page! 
24-Apr-2018 16:27:33:871 DEBUG [TestNG-PoolService-0] Validating Brand Logo... 
24-Apr-2018 16:27:37:186 INFO  [TestNG-PoolService-0] Validation 1: Branding Logo available as expected! 
24-Apr-2018 16:27:38:187 DEBUG [TestNG-PoolService-0] Page URL:: https://www.nbcnewyork.com/ 
24-Apr-2018 16:27:38:193 DEBUG [TestNG-PoolService-0] Page Load Wait: (Sync) 
24-Apr-2018 16:27:43:199 DEBUG [TestNG-PoolService-0] Clicked first article with Video on Top Section 
24-Apr-2018 16:27:44:237 DEBUG [TestNG-PoolService-0] Page URL:: https://www.nbcnewyork.com/news/local/choke-hold-robber-nyc-bronx-morrisania-man-walker--480648121.html 
24-Apr-2018 16:27:44:238 DEBUG [TestNG-PoolService-0] Page Load Wait: (Sync) 
24-Apr-2018 16:27:44:403 DEBUG [TestNG-PoolService-0] Clicked on News link.. 
24-Apr-2018 16:27:44:404 INFO  [TestNG-PoolService-0] Step 2. Navigated to 'News' Page! 
24-Apr-2018 16:27:45:521 DEBUG [TestNG-PoolService-0] Validating Brand Logo... 
24-Apr-2018 16:27:46:544 DEBUG [TestNG-PoolService-0] Element is displayed:: [[RemoteWebDriver: chrome on XP (8842e6b589f94c44a9b1474fb594d6c9)] -> css selector: i[class='fa fa-facebook fa-stack-1x fa-inverse']] 
24-Apr-2018 16:27:47:558 DEBUG [TestNG-PoolService-0] Page URL:: https://www.nbcnewyork.com/news/local/choke-hold-robber-nyc-bronx-morrisania-man-walker--480648121.html 
24-Apr-2018 16:27:47:558 DEBUG [TestNG-PoolService-0] Page Load Wait: (Sync) 
24-Apr-2018 16:27:47:662 INFO  [TestNG-PoolService-0] Validation 2: Branding Logo available as expected! 
24-Apr-2018 16:27:48:535 DEBUG [TestNG-PoolService-0] Page URL:: https://www.nbcnewyork.com/news/local/choke-hold-robber-nyc-bronx-morrisania-man-walker--480648121.html 
24-Apr-2018 16:27:48:536 DEBUG [TestNG-PoolService-0] Page Load Wait: (Sync) 
24-Apr-2018 16:27:49:643 DEBUG [TestNG-PoolService-0] Element is displayed:: [[RemoteWebDriver: chrome on XP (577274ae65484e1f8147d5dab645869d)] -> css selector: div[class='brand'] a[data-lid='logo'] img] 
24-Apr-2018 16:27:50:723 DEBUG [TestNG-PoolService-0] Element is displayed:: [[RemoteWebDriver: chrome on XP (8842e6b589f94c44a9b1474fb594d6c9)] -> css selector: i[class='fa fa-facebook fa-stack-1x fa-inverse']] 
24-Apr-2018 16:27:50:724 INFO  [TestNG-PoolService-0] Step 2. Navigated to First Article with Video on Top Section! 
24-Apr-2018 16:27:52:832 DEBUG [TestNG-PoolService-0] Element is displayed:: [[RemoteWebDriver: chrome on XP (8842e6b589f94c44a9b1474fb594d6c9)] -> css selector: i[class='fa fa-facebook fa-stack-1x fa-inverse']] 
24-Apr-2018 16:27:53:443 DEBUG [TestNG-PoolService-0] Validating Article Video Player... 
24-Apr-2018 16:27:55:725 DEBUG [TestNG-PoolService-0] Clicked on Home link.. 
24-Apr-2018 16:27:55:726 INFO  [TestNG-PoolService-0] Step 3. Clicked on Brand Logo! 
24-Apr-2018 16:27:55:863 ERROR [TestNG-PoolService-0] Article Video Player failed to load 
24-Apr-2018 16:27:55:865 INFO  [TestNG-PoolService-0] ****             -E---N---D-             ***** 
]]></system-out>
    <system-err><![CDATA[Apr 24, 2018 4:27:01 PM org.openqa.selenium.remote.DesiredCapabilities firefox
INFO: Using `new FirefoxOptions()` is preferred to `DesiredCapabilities.firefox()`
Apr 24, 2018 4:27:01 PM org.openqa.selenium.remote.DesiredCapabilities chrome
INFO: Using `new ChromeOptions()` is preferred to `DesiredCapabilities.chrome()`
Apr 24, 2018 4:27:01 PM org.openqa.selenium.remote.DesiredCapabilities safari
INFO: Using `new SafariOptions()` is preferred to `DesiredCapabilities.safari()`
Apr 24, 2018 4:27:10 PM org.openqa.selenium.remote.ProtocolHandshake createSession
INFO: Detected dialect: OSS
Apr 24, 2018 4:27:10 PM org.openqa.selenium.remote.ProtocolHandshake createSession
INFO: Detected dialect: OSS
]]></system-err>
  </testcase>
  <testcase name="tc001" classname="com.nbc.testscripts.demo.NBC_Demo" time="8.436"/>
  <testcase name="tc004" classname="com.nbc.testscripts.demo.NBC_Demo" time="35.094"/>
  <testcase name="tc005" classname="com.nbc.testscripts.demo.NBC_Demo" time="64.52"/>
  <testcase name="tc003" classname="com.nbc.testscripts.demo.NBC_Demo" time="19.333"/>
  <testcase name="tc006" classname="com.nbc.testscripts.demo.NBC_Demo" time="40.633"/>
  <testcase name="tc007" classname="com.nbc.testscripts.demo.NBC_Demo" time="29.189">
    <failure message="Timed out after 25 seconds. Unable to locate the element" type="org.openqa.selenium.NoSuchElementException">org.openqa.selenium.NoSuchElementException: Timed out after 25 seconds. Unable to locate the element
	at com.nbc.testscripts.demo.NBC_Demo.tc007(NBC_Demo.java:358)
Caused by: org.openqa.selenium.NoSuchElementException: 
no such element: Unable to locate element: {"method":"css selector","selector":"div[class='daySelectWrapper']"}
  (Session info: chrome=66.0.3359.117)
  (Driver info: chromedriver=2.38.551601 (edb21f07fc70e9027c746edd3201443e011a61ed),platform=Windows NT 10.0.10586 x86_64) (WARNING: The server did not provide any stacktrace information)
Command duration or timeout: 0 milliseconds
For documentation on this error, please visit: http://seleniumhq.org/exceptions/no_such_element.html
Build info: version: '3.11.0', revision: 'e59cfb3', time: '2018-03-11T20:26:55.152Z'
System info: host: 'ASPIREVM15-18', ip: '172.24.115.100', os.name: 'Windows 10', os.arch: 'amd64', os.version: '10.0', java.version: '9.0.1'
Driver info: org.openqa.selenium.remote.RemoteWebDriver
Capabilities {acceptInsecureCerts: false, acceptSslCerts: false, applicationCacheEnabled: false, browserConnectionEnabled: false, browserName: chrome, chrome: {chromedriverVersion: 2.38.551601 (edb21f07fc70e9..., userDataDir: C:\Users\ADMINI~1\AppData\L...}, cssSelectorsEnabled: true, databaseEnabled: false, handlesAlerts: true, hasMetadata: true, hasTouchScreen: false, javascriptEnabled: true, locationContextEnabled: true, mobileEmulationEnabled: false, nativeEvents: true, networkConnectionEnabled: false, pageLoadStrategy: normal, platform: XP, platformName: XP, rotatable: false, setWindowRect: true, takesHeapSnapshot: true, takesScreenshot: true, unexpectedAlertBehaviour: , unhandledPromptBehavior: , version: 66.0.3359.117, webStorageEnabled: true, webdriver.remote.sessionid: e59a00a8607f49368c9813654de...}
Session ID: e59a00a8607f49368c9813654de37030
*** Element info: {Using=css selector, value=div[class='daySelectWrapper']}
	at com.nbc.testscripts.demo.NBC_Demo.tc007(NBC_Demo.java:358)
</failure>
    <system-out><![CDATA[24-Apr-2018 16:30:52:888 DEBUG [TestNG-PoolService-0] Driver::Get 
24-Apr-2018 16:30:52:900 INFO  [TestNG-PoolService-0]  
24-Apr-2018 16:30:52:901 INFO  [TestNG-PoolService-0] ****             Connect dropdown appears[sauceChrome_windows || NBC-NEWYORK ]             ***** 
24-Apr-2018 16:30:52:901 INFO  [TestNG-PoolService-0]  
24-Apr-2018 16:30:53:774 DEBUG [TestNG-PoolService-0] Page URL:: data:, 
24-Apr-2018 16:30:53:775 DEBUG [TestNG-PoolService-0] Page Load Wait: (Sync) 
24-Apr-2018 16:31:05:900 DEBUG [TestNG-PoolService-0] Page URL:: https://www.nbcnewyork.com/ 
24-Apr-2018 16:31:05:900 DEBUG [TestNG-PoolService-0] Page Load Wait: (Sync) 
24-Apr-2018 16:31:12:336 DEBUG [TestNG-PoolService-0] Element is displayed:: [[RemoteWebDriver: chrome on XP (90aa81f7a96b4c7385ecb867dec59885)] -> css selector: li[class*='News'] a[lid*='News']] 
24-Apr-2018 16:31:13:020 FATAL [TestNG-PoolService-0] Timed out after 25 seconds. Unable to locate the element 
org.openqa.selenium.NoSuchElementException: Timed out after 25 seconds. Unable to locate the element
	at org.openqa.selenium.support.pagefactory.AjaxElementLocator.findElement(AjaxElementLocator.java:90)
	at org.openqa.selenium.support.pagefactory.internal.LocatingElementHandler.invoke(LocatingElementHandler.java:38)
	at com.sun.proxy.$Proxy14.isDisplayed(Unknown Source)
	at com.nbc.pages.HomePage.navigateToFullScheduleOnLiveTV(HomePage.java:375)
	at com.nbc.testscripts.demo.NBC_Demo.tc007(NBC_Demo.java:358)
	at java.base/jdk.internal.reflect.NativeMethodAccessorImpl.invoke0(Native Method)
	at java.base/jdk.internal.reflect.NativeMethodAccessorImpl.invoke(NativeMethodAccessorImpl.java:62)
	at java.base/jdk.internal.reflect.DelegatingMethodAccessorImpl.invoke(DelegatingMethodAccessorImpl.java:43)
	at java.base/java.lang.reflect.Method.invoke(Method.java:564)
	at org.testng.internal.MethodInvocationHelper.invokeMethod(MethodInvocationHelper.java:124)
	at org.testng.internal.Invoker.invokeMethod(Invoker.java:583)
	at org.testng.internal.Invoker.invokeTestMethod(Invoker.java:719)
	at org.testng.internal.TestMethodWithDataProviderMethodWorker.call(TestMethodWithDataProviderMethodWorker.java:71)
	at org.testng.internal.TestMethodWithDataProviderMethodWorker.call(TestMethodWithDataProviderMethodWorker.java:14)
	at java.base/java.util.concurrent.FutureTask.run(FutureTask.java:264)
	at java.base/java.util.concurrent.Executors$RunnableAdapter.call(Executors.java:514)
	at java.base/java.util.concurrent.FutureTask.run(FutureTask.java:264)
	at java.base/java.util.concurrent.ThreadPoolExecutor.runWorker(ThreadPoolExecutor.java:1167)
	at java.base/java.util.concurrent.ThreadPoolExecutor$Worker.run(ThreadPoolExecutor.java:641)
	at java.base/java.lang.Thread.run(Thread.java:844)
Caused by: org.openqa.selenium.NoSuchElementException: no such element: Unable to locate element: {"method":"css selector","selector":"div[class='daySelectWrapper']"}
  (Session info: chrome=66.0.3359.117)
  (Driver info: chromedriver=2.38.551601 (edb21f07fc70e9027c746edd3201443e011a61ed),platform=Windows NT 10.0.10586 x86_64) (WARNING: The server did not provide any stacktrace information)
Command duration or timeout: 0 milliseconds
For documentation on this error, please visit: http://seleniumhq.org/exceptions/no_such_element.html
Build info: version: '3.11.0', revision: 'e59cfb3', time: '2018-03-11T20:26:55.152Z'
System info: host: 'ASPIREVM15-18', ip: '172.24.115.100', os.name: 'Windows 10', os.arch: 'amd64', os.version: '10.0', java.version: '9.0.1'
Driver info: org.openqa.selenium.remote.RemoteWebDriver
Capabilities {acceptInsecureCerts: false, acceptSslCerts: false, applicationCacheEnabled: false, browserConnectionEnabled: false, browserName: chrome, chrome: {chromedriverVersion: 2.38.551601 (edb21f07fc70e9..., userDataDir: C:\Users\ADMINI~1\AppData\L...}, cssSelectorsEnabled: true, databaseEnabled: false, handlesAlerts: true, hasMetadata: true, hasTouchScreen: false, javascriptEnabled: true, locationContextEnabled: true, mobileEmulationEnabled: false, nativeEvents: true, networkConnectionEnabled: false, pageLoadStrategy: normal, platform: XP, platformName: XP, rotatable: false, setWindowRect: true, takesHeapSnapshot: true, takesScreenshot: true, unexpectedAlertBehaviour: , unhandledPromptBehavior: , version: 66.0.3359.117, webStorageEnabled: true, webdriver.remote.sessionid: e59a00a8607f49368c9813654de...}
Session ID: e59a00a8607f49368c9813654de37030
*** Element info: {Using=css selector, value=div[class='daySelectWrapper']}
	at jdk.internal.reflect.GeneratedConstructorAccessor25.newInstance(Unknown Source)
	at java.base/jdk.internal.reflect.DelegatingConstructorAccessorImpl.newInstance(DelegatingConstructorAccessorImpl.java:45)
	at java.base/java.lang.reflect.Constructor.newInstance(Constructor.java:488)
	at org.openqa.selenium.remote.ErrorHandler.createThrowable(ErrorHandler.java:214)
	at org.openqa.selenium.remote.ErrorHandler.throwIfResponseFailed(ErrorHandler.java:166)
	at org.openqa.selenium.remote.http.JsonHttpResponseCodec.reconstructValue(JsonHttpResponseCodec.java:40)
	at org.openqa.selenium.remote.http.AbstractHttpResponseCodec.decode(AbstractHttpResponseCodec.java:80)
	at org.openqa.selenium.remote.http.AbstractHttpResponseCodec.decode(AbstractHttpResponseCodec.java:44)
	at org.openqa.selenium.remote.HttpCommandExecutor.execute(HttpCommandExecutor.java:158)
	at org.openqa.selenium.remote.RemoteWebDriver.execute(RemoteWebDriver.java:545)
	at org.openqa.selenium.remote.RemoteWebDriver.findElement(RemoteWebDriver.java:319)
	at org.openqa.selenium.remote.RemoteWebDriver.findElementByCssSelector(RemoteWebDriver.java:413)
	at org.openqa.selenium.By$ByCssSelector.findElement(By.java:430)
	at org.openqa.selenium.remote.RemoteWebDriver.findElement(RemoteWebDriver.java:311)
	at org.openqa.selenium.support.pagefactory.DefaultElementLocator.findElement(DefaultElementLocator.java:69)
	at org.openqa.selenium.support.pagefactory.AjaxElementLocator.access$001(AjaxElementLocator.java:40)
	at org.openqa.selenium.support.pagefactory.AjaxElementLocator$SlowLoadingElement.isLoaded(AjaxElementLocator.java:156)
	at org.openqa.selenium.support.ui.SlowLoadableComponent.get(SlowLoadableComponent.java:69)
	at org.openqa.selenium.support.pagefactory.AjaxElementLocator.findElement(AjaxElementLocator.java:86)
	... 19 more
24-Apr-2018 16:31:13:035 INFO  [TestNG-PoolService-0] ****             -E---N---D-             ***** 
]]></system-out>
    <system-err><![CDATA[Apr 24, 2018 4:30:51 PM org.openqa.selenium.remote.ProtocolHandshake createSession
INFO: Detected dialect: OSS
]]></system-err>
  </testcase>
  <testcase name="tc008" classname="com.nbc.testscripts.demo.NBC_Demo" time="19.706"/>
  <testcase name="tc010" classname="com.nbc.testscripts.demo.NBC_Demo" time="88.619"/>
  <testcase name="tc009" classname="com.nbc.testscripts.demo.NBC_Demo" time="9.297"/>
  <testcase name="tc011" classname="com.nbc.testscripts.demo.NBC_Demo" time="71.086"/>
</testsuite>