<?xml version="1.0" encoding="UTF-8"?>
<testsuite xmlns:xsi="http://www.w3.org/2001/XMLSchema-instance" xsi:noNamespaceSchemaLocation="https://maven.apache.org/surefire/maven-surefire-plugin/xsd/surefire-test-report.xsd" name="TestSuite" time="437.456" tests="11" errors="0" skipped="0" failures="2">
  <properties>
[...]
</properties>
  <testcase name="tc002" classname="com.nbc.testscripts.demo.NBC_Demo" time="54.554">
    <failure message="Article Video Player failed to load" type="java.lang.AssertionError">java.lang.AssertionError: Article Video Player failed to load
	at com.nbc.testscripts.demo.NBC_Demo.tc002(NBC_Demo.java:115)
</failure>
    <system-out><![CDATA[...
... TestNG 6.14.3 by Cédric Beust (cedric@beust.com)
...

24-Apr-2018 16:27:12:414 INFO  [TestNG-PoolService-0]  
24-Apr-2018 16:27:12:423 INFO  [TestNG-PoolService-0] ****             Logo is clickable[sauceChrome_windows || NBC-NEWYORK ]             ***** 
24-Apr-2018 16:27:12:424 INFO  [TestNG-PoolService-0]  
24-Apr-2018 16:27:12:414 INFO  [TestNG-PoolService-0]  
24-Apr-2018 16:27:12:432 INFO  [TestNG-PoolService-0] ****             Top stories playback- with pre roll[sauceChrome_windows || NBC-NEWYORK ]             ***** 
24-Apr-2018 16:27:12:433 INFO  [TestNG-PoolService-0]  
24-Apr-2018 16:27:13:521 DEBUG [TestNG-PoolService-0] Page URL:: data:, 
24-Apr-2018 16:27:13:521 DEBUG [TestNG-PoolService-0] Page Load Wait: (Sync) 
24-Apr-2018 16:27:13:548 DEBUG [TestNG-PoolService-0] Page URL:: data:, 
24-Apr-2018 16:27:13:549 DEBUG [TestNG-PoolService-0] Page Load Wait: (Sync) 
24-Apr-2018 16:27:22:747 DEBUG [TestNG-PoolService-0] Page URL:: https://www.nbcnewyork.com/ 
24-Apr-2018 16:27:22:748 DEBUG [TestNG-PoolService-0] Page Load Wait: (Sync) 
24-Apr-2018 16:27:24:435 DEBUG [TestNG-PoolService-0] Page URL:: https://www.nbcnewyork.com/ 
24-Apr-2018 16:27:24:438 DEBUG [TestNG-PoolService-0] Page Load Wait: (Sync) 
24-Apr-2018 16:27:26:200 DEBUG [TestNG-PoolService-0] Element is displayed:: [[RemoteWebDriver: chrome on XP (8842e6b589f94c44a9b1474fb594d6c9)] -> css selector: li[class*='News'] a[lid*='News']] 
24-Apr-2018 16:27:27:343 DEBUG [TestNG-PoolService-0] Page URL:: https://www.nbcnewyork.com/ 
24-Apr-2018 16:27:27:348 DEBUG [TestNG-PoolService-0] Page Load Wait: (Sync) 
24-Apr-2018 16:27:27:766 DEBUG [TestNG-PoolService-0] Element is displayed:: [[RemoteWebDriver: chrome on XP (577274ae65484e1f8147d5dab645869d)] -> css selector: li[class*='News'] a[lid*='News']] 
24-Apr-2018 16:27:28:597 DEBUG [TestNG-PoolService-0] Page URL:: https://www.nbcnewyork.com/ 
24-Apr-2018 16:27:28:598 DEBUG [TestNG-PoolService-0] Page Load Wait: (Sync) 
24-Apr-2018 16:27:28:954 DEBUG [TestNG-PoolService-0] Page URL:: https://www.nbcnewyork.com/ 
24-Apr-2018 16:27:28:955 DEBUG [TestNG-PoolService-0] Page Load Wait: (Sync) 
24-Apr-2018 16:27:30:054 DEBUG [TestNG-PoolService-0] Page URL:: https://www.nbcnewyork.com/ 
24-Apr-2018 16:27:30:055 DEBUG [TestNG-PoolService-0] Page Load Wait: (Sync) 
24-Apr-2018 16:27:30:879 DEBUG [TestNG-PoolService-0] Element is displayed:: [[RemoteWebDriver: chrome on XP (8842e6b589f94c44a9b1474fb594d6c9)] -> css selector: li[class*='News'] a[lid*='News']] 
24-Apr-2018 16:27:30:880 INFO  [TestNG-PoolService-0] Step 1. Navigated to 'NBC-NewYork' Home Page! 
24-Apr-2018 16:27:32:214 DEBUG [TestNG-PoolService-0] Element is displayed:: [[RemoteWebDriver: chrome on XP (8842e6b589f94c44a9b1474fb594d6c9)] -> css selector: div[class='top-stories'] div[class='story'] div[class='headline'] a div[class='headline-tag']] 
24-Apr-2018 16:27:32:349 DEBUG [TestNG-PoolService-0] Element is displayed:: [[RemoteWebDriver: chrome on XP (577274ae65484e1f8147d5dab645869d)] -> css selector: li[class*='News'] a[lid*='News']] 
24-Apr-2018 16:27:32:350 INFO  [TestNG-PoolService-0] Step 1. Navigated to 'NBC-NewYork' Home Page! 
24-Apr-2018 16:27:33:871 DEBUG [TestNG-PoolService-0] Validating Brand Logo... 
24-Apr-2018 16:27:37:186 INFO  [TestNG-PoolService-0] Validation 1: Branding Logo available as expected! 
24-Apr-2018 16:27:38:187 DEBUG [TestNG-PoolService-0] Page URL:: https://www.nbcnewyork.com/ 
24-Apr-2018 16:27:38:193 DEBUG [TestNG-PoolService-0] Page Load Wait: (Sync) 
24-Apr-2018 16:27:43:199 DEBUG [TestNG-PoolService-0] Clicked first article with Video on Top Section 
24-Apr-2018 16:27:44:237 DEBUG [TestNG-PoolService-0] Page URL:: https://www.nbcnewyork.com/news/local/choke-hold-robber-nyc-bronx-morrisania-man-walker--480648121.html 
24-Apr-2018 16:27:44:238 DEBUG [TestNG-PoolService-0] Page Load Wait: (Sync) 
24-Apr-2018 16:27:44:403 DEBUG [TestNG-PoolService-0] Clicked on News link.. 
24-Apr-2018 16:27:44:404 INFO  [TestNG-PoolService-0] Step 2. Navigated to 'News' Page! 
24-Apr-2018 16:27:45:521 DEBUG [TestNG-PoolService-0] Validating Brand Logo... 
24-Apr-2018 16:27:46:544 DEBUG [TestNG-PoolService-0] Element is displayed:: [[RemoteWebDriver: chrome on XP (8842e6b589f94c44a9b1474fb594d6c9)] -> css selector: i[class='fa fa-facebook fa-stack-1x fa-inverse']] 
24-Apr-2018 16:27:47:558 DEBUG [TestNG-PoolService-0] Page URL:: https://www.nbcnewyork.com/news/local/choke-hold-robber-nyc-bronx-morrisania-man-walker--480648121.html 
24-Apr-2018 16:27:47:558 DEBUG [TestNG-PoolService-0] Page Load Wait: (Sync) 
24-Apr-2018 16:27:47:662 INFO  [TestNG-PoolService-0] Validation 2: Branding Logo available as expected! 
24-Apr-2018 16:27:48:535 DEBUG [TestNG-PoolService-0] Page URL:: https://www.nbcnewyork.com/news/local/choke-hold-robber-nyc-bronx-morrisania-man-walker--480648121.html 
24-Apr-2018 16:27:48:536 DEBUG [TestNG-PoolService-0] Page Load Wait: (Sync) 
24-Apr-2018 16:27:49:643 DEBUG [TestNG-PoolService-0] Element is displayed:: [[RemoteWebDriver: chrome on XP (577274ae65484e1f8147d5dab645869d)] -> css selector: div[class='brand'] a[data-lid='logo'] img] 
24-Apr-2018 16:27:50:723 DEBUG [TestNG-PoolService-0] Element is displayed:: [[RemoteWebDriver: chrome on XP (8842e6b589f94c44a9b1474fb594d6c9)] -> css selector: i[class='fa fa-facebook fa-stack-1x fa-inverse']] 
24-Apr-2018 16:27:50:724 INFO  [TestNG-PoolService-0] Step 2. Navigated to First Article with Video on Top Section! 
24-Apr-2018 16:27:52:832 DEBUG [TestNG-PoolService-0] Element is displayed:: [[RemoteWebDriver: chrome on XP (8842e6b589f94c44a9b1474fb594d6c9)] -> css selector: i[class='fa fa-facebook fa-stack-1x fa-inverse']] 
24-Apr-2018 16:27:53:443 DEBUG [TestNG-PoolService-0] Validating Article Video Player... 
24-Apr-2018 16:27:55:725 DEBUG [TestNG-PoolService-0] Clicked on Home link.. 
24-Apr-2018 16:27:55:726 INFO  [TestNG-PoolService-0] Step 3. Clicked on Brand Logo! 
24-Apr-2018 16:27:55:863 ERROR [TestNG-PoolService-0] Article Video Player failed to load 
24-Apr-2018 16:27:55:865 INFO  [TestNG-PoolService-0] ****             -E---N---D-             ***** 
]]></system-out>
    <system-err><![CDATA[Apr 24, 2018 4:27:01 PM org.openqa.selenium.remote.DesiredCapabilities firefox
INFO: Using `new FirefoxOptions()` is preferred to `DesiredCapabilities.firefox()`
Apr 24, 2018 4:27:01 PM org.openqa.selenium.remote.DesiredCapabilities chrome
INFO: Using `new ChromeOptions()` is preferred to `DesiredCapabilities.chrome()`
Apr 24, 2018 4:27:01 PM org.openqa.selenium.remote.DesiredCapabilities safari
INFO: Using `new SafariOptions()` is preferred to `DesiredCapabilities.safari()`
Apr 24, 2018 4:27:10 PM org.openqa.selenium.remote.ProtocolHandshake createSession
INFO: Detected dialect: OSS
Apr 24, 2018 4:27:10 PM org.openqa.selenium.remote.ProtocolHandshake createSession
INFO: Detected dialect: OSS
]]></system-err>
  </testcase>
  <testcase name="tc001" classname="com.nbc.testscripts.demo.NBC_Demo" time="8.436"/>
  <testcase name="tc004" classname="com.nbc.testscripts.demo.NBC_Demo" time="35.094"/>
  <testcase name="tc005" classname="com.nbc.testscripts.demo.NBC_Demo" time="64.52"/>
  <testcase name="tc003" classname="com.nbc.testscripts.demo.NBC_Demo" time="19.333"/>
  <testcase name="tc006" classname="com.nbc.testscripts.demo.NBC_Demo" time="40.633"/>
  <testcase name="tc007" classname="com.nbc.testscripts.demo.NBC_Demo" time="29.189">
    <failure message="Timed out after 25 seconds. Unable to locate the element" type="org.openqa.selenium.NoSuchElementException">org.openqa.selenium.NoSuchElementException: Timed out after 25 seconds. Unable to locate the element
	at com.nbc.testscripts.demo.NBC_Demo.tc007(NBC_Demo.java:358)
Caused by: org.openqa.selenium.NoSuchElementException: 
no such element: Unable to locate element: {"method":"css selector","selector":"div[class='daySelectWrapper']"}
  (Session info: chrome=66.0.3359.117)
  (Driver info: chromedriver=2.38.551601 (edb21f07fc70e9027c746edd3201443e011a61ed),platform=Windows NT 10.0.10586 x86_64) (WARNING: The server did not provide any stacktrace information)
Command duration or timeout: 0 milliseconds
For documentation on this error, please visit: http://seleniumhq.org/exceptions/no_such_element.html
Build info: version: '3.11.0', revision: 'e59cfb3', time: '2018-03-11T20:26:55.152Z'
System info: host: 'ASPIREVM15-18', ip: '172.24.115.100', os.name: 'Windows 10', os.arch: 'amd64', os.version: '10.0', java.version: '9.0.1'
Driver info: org.openqa.selenium.remote.RemoteWebDriver
Capabilities {acceptInsecureCerts: false, acceptSslCerts: false, applicationCacheEnabled: false, browserConnectionEnabled: false, browserName: chrome, chrome: {chromedriverVersion: 2.38.551601 (edb21f07fc70e9..., userDataDir: C:\Users\ADMINI~1\AppData\L...}, cssSelectorsEnabled: true, databaseEnabled: false, handlesAlerts: true, hasMetadata: true, hasTouchScreen: false, javascriptEnabled: true, locationContextEnabled: true, mobileEmulationEnabled: false, nativeEvents: true, networkConnectionEnabled: false, pageLoadStrategy: normal, platform: XP, platformName: XP, rotatable: false, setWindowRect: true, takesHeapSnapshot: true, takesScreenshot: true, unexpectedAlertBehaviour: , unhandledPromptBehavior: , version: 66.0.3359.117, webStorageEnabled: true, webdriver.remote.sessionid: e59a00a8607f49368c9813654de...}
Session ID: e59a00a8607f49368c9813654de37030
*** Element info: {Using=css selector, value=div[class='daySelectWrapper']}
	at com.nbc.testscripts.demo.NBC_Demo.tc007(NBC_Demo.java:358)
</failure>
    <system-out><![CDATA[24-Apr-2018 16:30:52:888 DEBUG [TestNG-PoolService-0] Driver::Get 
24-Apr-2018 16:30:52:900 INFO  [TestNG-PoolService-0]  
24-Apr-2018 16:30:52:901 INFO  [TestNG-PoolService-0] ****             Connect dropdown appears[sauceChrome_windows || NBC-NEWYORK ]             ***** 
24-Apr-2018 16:30:52:901 INFO  [TestNG-PoolService-0]  
24-Apr-2018 16:30:53:774 DEBUG [TestNG-PoolService-0] Page URL:: data:, 
24-Apr-2018 16:30:53:775 DEBUG [TestNG-PoolService-0] Page Load Wait: (Sync) 
24-Apr-2018 16:31:05:900 DEBUG [TestNG-PoolService-0] Page URL:: https://www.nbcnewyork.com/ 
24-Apr-2018 16:31:05:900 DEBUG [TestNG-PoolService-0] Page Load Wait: (Sync) 
24-Apr-2018 16:31:12:336 DEBUG [TestNG-PoolService-0] Element is displayed:: [[RemoteWebDriver: chrome on XP (90aa81f7a96b4c7385ecb867dec59885)] -> css selector: li[class*='News'] a[lid*='News']] 
24-Apr-2018 16:31:13:020 FATAL [TestNG-PoolService-0] Timed out after 25 seconds. Unable to locate the element 
org.openqa.selenium.NoSuchElementException: Timed out after 25 seconds. Unable to locate the element
	at org.openqa.selenium.support.pagefactory.AjaxElementLocator.findElement(AjaxElementLocator.java:90)
	at org.openqa.selenium.support.pagefactory.internal.LocatingElementHandler.invoke(LocatingElementHandler.java:38)
	at com.sun.proxy.$Proxy14.isDisplayed(Unknown Source)
	at com.nbc.pages.HomePage.navigateToFullScheduleOnLiveTV(HomePage.java:375)
	at com.nbc.testscripts.demo.NBC_Demo.tc007(NBC_Demo.java:358)
	at java.base/jdk.internal.reflect.NativeMethodAccessorImpl.invoke0(Native Method)
	at java.base/jdk.internal.reflect.NativeMethodAccessorImpl.invoke(NativeMethodAccessorImpl.java:62)
	at java.base/jdk.internal.reflect.DelegatingMethodAccessorImpl.invoke(DelegatingMethodAccessorImpl.java:43)
	at java.base/java.lang.reflect.Method.invoke(Method.java:564)
	at org.testng.internal.MethodInvocationHelper.invokeMethod(MethodInvocationHelper.java:124)
	at org.testng.internal.Invoker.invokeMethod(Invoker.java:583)
	at org.testng.internal.Invoker.invokeTestMethod(Invoker.java:719)
	at org.testng.internal.TestMethodWithDataProviderMethodWorker.call(TestMethodWithDataProviderMethodWorker.java:71)
	at org.testng.internal.TestMethodWithDataProviderMethodWorker.call(TestMethodWithDataProviderMethodWorker.java:14)
	at java.base/java.util.concurrent.FutureTask.run(FutureTask.java:264)
	at java.base/java.util.concurrent.Executors$RunnableAdapter.call(Executors.java:514)
	at java.base/java.util.concurrent.FutureTask.run(FutureTask.java:264)
	at java.base/java.util.concurrent.ThreadPoolExecutor.runWorker(ThreadPoolExecutor.java:1167)
	at java.base/java.util.concurrent.ThreadPoolExecutor$Worker.run(ThreadPoolExecutor.java:641)
	at java.base/java.lang.Thread.run(Thread.java:844)
Caused by: org.openqa.selenium.NoSuchElementException: no such element: Unable to locate element: {"method":"css selector","selector":"div[class='daySelectWrapper']"}
  (Session info: chrome=66.0.3359.117)
  (Driver info: chromedriver=2.38.551601 (edb21f07fc70e9027c746edd3201443e011a61ed),platform=Windows NT 10.0.10586 x86_64) (WARNING: The server did not provide any stacktrace information)
Command duration or timeout: 0 milliseconds
For documentation on this error, please visit: http://seleniumhq.org/exceptions/no_such_element.html
Build info: version: '3.11.0', revision: 'e59cfb3', time: '2018-03-11T20:26:55.152Z'
System info: host: 'ASPIREVM15-18', ip: '172.24.115.100', os.name: 'Windows 10', os.arch: 'amd64', os.version: '10.0', java.version: '9.0.1'
Driver info: org.openqa.selenium.remote.RemoteWebDriver
Capabilities {acceptInsecureCerts: false, acceptSslCerts: false, applicationCacheEnabled: false, browserConnectionEnabled: false, browserName: chrome, chrome: {chromedriverVersion: 2.38.551601 (edb21f07fc70e9..., userDataDir: C:\Users\ADMINI~1\AppData\L...}, cssSelectorsEnabled: true, databaseEnabled: false, handlesAlerts: true, hasMetadata: true, hasTouchScreen: false, javascriptEnabled: true, locationContextEnabled: true, mobileEmulationEnabled: false, nativeEvents: true, networkConnectionEnabled: false, pageLoadStrategy: normal, platform: XP, platformName: XP, rotatable: false, setWindowRect: true, takesHeapSnapshot: true, takesScreenshot: true, unexpectedAlertBehaviour: , unhandledPromptBehavior: , version: 66.0.3359.117, webStorageEnabled: true, webdriver.remote.sessionid: e59a00a8607f49368c9813654de...}
Session ID: e59a00a8607f49368c9813654de37030
*** Element info: {Using=css selector, value=div[class='daySelectWrapper']}
	at jdk.internal.reflect.GeneratedConstructorAccessor25.newInstance(Unknown Source)
	at java.base/jdk.internal.reflect.DelegatingConstructorAccessorImpl.newInstance(DelegatingConstructorAccessorImpl.java:45)
	at java.base/java.lang.reflect.Constructor.newInstance(Constructor.java:488)
	at org.openqa.selenium.remote.ErrorHandler.createThrowable(ErrorHandler.java:214)
	at org.openqa.selenium.remote.ErrorHandler.throwIfResponseFailed(ErrorHandler.java:166)
	at org.openqa.selenium.remote.http.JsonHttpResponseCodec.reconstructValue(JsonHttpResponseCodec.java:40)
	at org.openqa.selenium.remote.http.AbstractHttpResponseCodec.decode(AbstractHttpResponseCodec.java:80)
	at org.openqa.selenium.remote.http.AbstractHttpResponseCodec.decode(AbstractHttpResponseCodec.java:44)
	at org.openqa.selenium.remote.HttpCommandExecutor.execute(HttpCommandExecutor.java:158)
	at org.openqa.selenium.remote.RemoteWebDriver.execute(RemoteWebDriver.java:545)
	at org.openqa.selenium.remote.RemoteWebDriver.findElement(RemoteWebDriver.java:319)
	at org.openqa.selenium.remote.RemoteWebDriver.findElementByCssSelector(RemoteWebDriver.java:413)
	at org.openqa.selenium.By$ByCssSelector.findElement(By.java:430)
	at org.openqa.selenium.remote.RemoteWebDriver.findElement(RemoteWebDriver.java:311)
	at org.openqa.selenium.support.pagefactory.DefaultElementLocator.findElement(DefaultElementLocator.java:69)
	at org.openqa.selenium.support.pagefactory.AjaxElementLocator.access$001(AjaxElementLocator.java:40)
	at org.openqa.selenium.support.pagefactory.AjaxElementLocator$SlowLoadingElement.isLoaded(AjaxElementLocator.java:156)
	at org.openqa.selenium.support.ui.SlowLoadableComponent.get(SlowLoadableComponent.java:69)
	at org.openqa.selenium.support.pagefactory.AjaxElementLocator.findElement(AjaxElementLocator.java:86)
	... 19 more
24-Apr-2018 16:31:13:035 INFO  [TestNG-PoolService-0] ****             -E---N---D-             ***** 
]]></system-out>
    <system-err><![CDATA[Apr 24, 2018 4:30:51 PM org.openqa.selenium.remote.ProtocolHandshake createSession
INFO: Detected dialect: OSS
]]></system-err>
  </testcase>
  <testcase name="tc008" classname="com.nbc.testscripts.demo.NBC_Demo" time="19.706"/>
  <testcase name="tc010" classname="com.nbc.testscripts.demo.NBC_Demo" time="88.619"/>
  <testcase name="tc009" classname="com.nbc.testscripts.demo.NBC_Demo" time="9.297"/>
  <testcase name="tc011" classname="com.nbc.testscripts.demo.NBC_Demo" time="71.086"/>
</testsuite>