<?xml version="1.0" encoding="UTF-8"?>
<!-- Generated by org.testng.reporters.JUnitXMLReporter -->
<testsuite hostname="DESKTOP-ES8HU3L" ignored="0" name="NBC_PoC_JAVA" tests="11" failures="2" timestamp="23 Apr 2018 19:27:00 GMT" time="496.88" errors="0">
  <testcase name="tc001" time="77.139" classname="com.nbc.testscripts.demo.NBC_Demo"/>
  <testcase name="tc002" time="85.643" classname="com.nbc.testscripts.demo.NBC_Demo">
    <failure type="org.openqa.selenium.NoSuchElementException" message="Timed out after 25 seconds. Unable to locate the element">
      <![CDATA[org.openqa.selenium.NoSuchElementException: Timed out after 25 seconds. Unable to locate the element
at org.openqa.selenium.support.pagefactory.AjaxElementLocator.findElement(AjaxElementLocator.java:90)
at org.openqa.selenium.support.pagefactory.internal.LocatingElementHandler.invoke(LocatingElementHandler.java:38)
at com.sun.proxy.$Proxy13.isDisplayed(Unknown Source)
at com.nbc.pages.ArticlePage.validateArticleVideoPlayer(ArticlePage.java:106)
at com.nbc.testscripts.demo.NBC_Demo.tc002(NBC_Demo.java:115)
at sun.reflect.NativeMethodAccessorImpl.invoke0(Native Method)
at sun.reflect.NativeMethodAccessorImpl.invoke(Unknown Source)
at sun.reflect.DelegatingMethodAccessorImpl.invoke(Unknown Source)
at java.lang.reflect.Method.invoke(Unknown Source)
at org.testng.internal.MethodInvocationHelper.invokeMethod(MethodInvocationHelper.java:124)
at org.testng.internal.Invoker.invokeMethod(Invoker.java:580)
at org.testng.internal.Invoker.invokeTestMethod(Invoker.java:716)
at org.testng.internal.TestMethodWithDataProviderMethodWorker.call(TestMethodWithDataProviderMethodWorker.java:71)
at org.testng.internal.TestMethodWithDataProviderMethodWorker.call(TestMethodWithDataProviderMethodWorker.java:14)
at java.util.concurrent.FutureTask.run(Unknown Source)
at java.util.concurrent.Executors$RunnableAdapter.call(Unknown Source)
at java.util.concurrent.FutureTask.run(Unknown Source)
at java.util.concurrent.ThreadPoolExecutor.runWorker(Unknown Source)
at java.util.concurrent.ThreadPoolExecutor$Worker.run(Unknown Source)
at java.lang.Thread.run(Unknown Source)
Caused by: org.openqa.selenium.NoSuchElementException: no such element: Unable to locate element: {"method":"css selector","selector":"div[class='player'] div[class='tpVideoBlocker']"}
  (Session info: chrome=65.0.3325.146)
  (Driver info: chromedriver=2.36.540470 (e522d04694c7ebea4ba8821272dbef4f9b818c91),platform=Windows NT 10.0.10586 x86_64) (WARNING: The server did not provide any stacktrace information)
Command duration or timeout: 0 milliseconds
For documentation on this error, please visit: http://seleniumhq.org/exceptions/no_such_element.html
Build info: version: '3.11.0', revision: 'e59cfb3', time: '2018-03-11T20:26:55.152Z'
System info: host: 'DESKTOP-ES8HU3L', ip: '192.168.0.12', os.name: 'Windows 10', os.arch: 'amd64', os.version: '10.0', java.version: '1.8.0_144'
Driver info: org.openqa.selenium.remote.RemoteWebDriver
Capabilities {acceptInsecureCerts: false, acceptSslCerts: false, applicationCacheEnabled: false, browserConnectionEnabled: false, browserName: chrome, chrome: {chromedriverVersion: 2.36.540470 (e522d04694c7eb..., userDataDir: C:\Users\ADMINI~1\AppData\L...}, cssSelectorsEnabled: true, databaseEnabled: false, handlesAlerts: true, hasMetadata: true, hasTouchScreen: false, javascriptEnabled: true, locationContextEnabled: true, mobileEmulationEnabled: false, nativeEvents: true, networkConnectionEnabled: false, pageLoadStrategy: normal, platform: XP, platformName: XP, rotatable: false, setWindowRect: true, takesHeapSnapshot: true, takesScreenshot: true, unexpectedAlertBehaviour: , unhandledPromptBehavior: , version: 65.0.3325.146, webStorageEnabled: true, webdriver.remote.sessionid: 2266f6d04f1f4b4fa0f367ad055...}
Session ID: 2266f6d04f1f4b4fa0f367ad05513c85
*** Element info: {Using=css selector, value=div[class='player'] div[class='tpVideoBlocker']}
at sun.reflect.GeneratedConstructorAccessor30.newInstance(Unknown Source)
at sun.reflect.DelegatingConstructorAccessorImpl.newInstance(Unknown Source)
at java.lang.reflect.Constructor.newInstance(Unknown Source)
at org.openqa.selenium.remote.ErrorHandler.createThrowable(ErrorHandler.java:214)
at org.openqa.selenium.remote.ErrorHandler.throwIfResponseFailed(ErrorHandler.java:166)
at org.openqa.selenium.remote.http.JsonHttpResponseCodec.reconstructValue(JsonHttpResponseCodec.java:40)
at org.openqa.selenium.remote.http.AbstractHttpResponseCodec.decode(AbstractHttpResponseCodec.java:80)
at org.openqa.selenium.remote.http.AbstractHttpResponseCodec.decode(AbstractHttpResponseCodec.java:44)
at org.openqa.selenium.remote.HttpCommandExecutor.execute(HttpCommandExecutor.java:158)
at org.openqa.selenium.remote.RemoteWebDriver.execute(RemoteWebDriver.java:545)
at org.openqa.selenium.remote.RemoteWebDriver.findElement(RemoteWebDriver.java:319)
at org.openqa.selenium.remote.RemoteWebDriver.findElementByCssSelector(RemoteWebDriver.java:413)
at org.openqa.selenium.By$ByCssSelector.findElement(By.java:430)
at org.openqa.selenium.remote.RemoteWebDriver.findElement(RemoteWebDriver.java:311)
at org.openqa.selenium.support.pagefactory.DefaultElementLocator.findElement(DefaultElementLocator.java:69)
at org.openqa.selenium.support.pagefactory.AjaxElementLocator.access$001(AjaxElementLocator.java:40)
at org.openqa.selenium.support.pagefactory.AjaxElementLocator$SlowLoadingElement.isLoaded(AjaxElementLocator.java:156)
at org.openqa.selenium.support.ui.SlowLoadableComponent.get(SlowLoadableComponent.java:69)
at org.openqa.selenium.support.pagefactory.AjaxElementLocator.findElement(AjaxElementLocator.java:86)
... 19 more
]]>
    </failure>
  </testcase> <!-- tc002 -->
  <testcase name="tc004" time="34.862" classname="com.nbc.testscripts.demo.NBC_Demo"/>
  <testcase name="tc005" time="48.049" classname="com.nbc.testscripts.demo.NBC_Demo"/>
  <testcase name="tc003" time="140.34" classname="com.nbc.testscripts.demo.NBC_Demo"/>
  <testcase name="tc006" time="42.907" classname="com.nbc.testscripts.demo.NBC_Demo"/>
  <testcase name="tc007" time="42.004" classname="com.nbc.testscripts.demo.NBC_Demo"/>
  <testcase name="tc008" time="42.539" classname="com.nbc.testscripts.demo.NBC_Demo"/>
  <testcase name="tc009" time="72.111" classname="com.nbc.testscripts.demo.NBC_Demo"/>
  <testcase name="tc011" time="77.443" classname="com.nbc.testscripts.demo.NBC_Demo"/>
  <testcase name="tc010" time="191.589" classname="com.nbc.testscripts.demo.NBC_Demo">
    <failure type="java.lang.AssertionError" message="Article Page did not open up. Site might be down.">
      <![CDATA[java.lang.AssertionError: Article Page did not open up. Site might be down.
at org.testng.Assert.fail(Assert.java:96)
at com.nbc.support.Log.fail(Log.java:638)
at com.nbc.pages.ArticlePage.isLoaded(ArticlePage.java:86)
at org.openqa.selenium.support.ui.LoadableComponent.get(LoadableComponent.java:52)
at com.nbc.pages.HomePage.clickOnFirstArticle_OnLocalStackSection(HomePage.java:287)
at com.nbc.testscripts.demo.NBC_Demo.tc010(NBC_Demo.java:534)
at sun.reflect.NativeMethodAccessorImpl.invoke0(Native Method)
at sun.reflect.NativeMethodAccessorImpl.invoke(Unknown Source)
at sun.reflect.DelegatingMethodAccessorImpl.invoke(Unknown Source)
at java.lang.reflect.Method.invoke(Unknown Source)
at org.testng.internal.MethodInvocationHelper.invokeMethod(MethodInvocationHelper.java:124)
at org.testng.internal.Invoker.invokeMethod(Invoker.java:580)
at org.testng.internal.Invoker.invokeTestMethod(Invoker.java:716)
at org.testng.internal.TestMethodWithDataProviderMethodWorker.call(TestMethodWithDataProviderMethodWorker.java:71)
at org.testng.internal.TestMethodWithDataProviderMethodWorker.call(TestMethodWithDataProviderMethodWorker.java:14)
at java.util.concurrent.FutureTask.run(Unknown Source)
at java.util.concurrent.Executors$RunnableAdapter.call(Unknown Source)
at java.util.concurrent.FutureTask.run(Unknown Source)
at java.util.concurrent.ThreadPoolExecutor.runWorker(Unknown Source)
at java.util.concurrent.ThreadPoolExecutor$Worker.run(Unknown Source)
at java.lang.Thread.run(Unknown Source)
]]>
    </failure>
  </testcase> <!-- tc010 -->
</testsuite> <!-- NBC_PoC_JAVA -->
